[ 2017-05-08T11:14:31+08:00 ] 127.0.0.1 127.0.0.1 GET /public/
[ log ] www.tp5.com/public/ [运行时间：0.088208s][吞吐率：11.34req/s] [内存消耗：1,355.28kb] [文件加载：38]
[ info ] [ LANG ] D:\xampp\htdocs\tp5\thinkphp\lang\zh-cn.php
[ info ] [ ROUTE ] array (
  'type' => 'module',
  'module' => 
  array (
    0 => '',
    1 => NULL,
    2 => NULL,
  ),
)
[ info ] [ HEADER ] array (
  'host' => 'www.tp5.com',
  'user-agent' => 'Mozilla/5.0 (Windows NT 10.0; WOW64; rv:53.0) Gecko/20100101 Firefox/53.0',
  'accept' => 'text/html,application/xhtml+xml,application/xml;q=0.9,*/*;q=0.8',
  'accept-language' => 'zh-CN,zh;q=0.8,en-US;q=0.5,en;q=0.3',
  'accept-encoding' => 'gzip, deflate',
  'referer' => 'http://www.tp5.com/',
  'connection' => 'keep-alive',
  'upgrade-insecure-requests' => '1',
)
[ info ] [ PARAM ] array (
)
[ info ] [ RUN ] app\index\controller\Index->index[ D:\xampp\htdocs\tp5\application\index\controller\Index.php ]
[ info ] [ LOG ] INIT File

---------------------------------------------------------------
