[ 2017-05-16T08:26:43+08:00 ] 127.0.0.1 127.0.0.1 GET /
[ log ] www.tp5.com/ [运行时间：0.571721s][吞吐率：1.75req/s] [内存消耗：2,052.23kb] [文件加载：51]
[ info ] [ LANG ] D:\xampp\htdocs\tp5\thinkphp\lang\zh-cn.php
[ info ] [ ROUTE ] array (
  'type' => 'module',
  'module' => 
  array (
    0 => '',
    1 => NULL,
    2 => NULL,
  ),
)
[ info ] [ HEADER ] array (
  'host' => 'www.tp5.com',
  'user-agent' => 'Mozilla/5.0 (Windows NT 10.0; WOW64; rv:53.0) Gecko/20100101 Firefox/53.0',
  'accept' => 'text/html,application/xhtml+xml,application/xml;q=0.9,*/*;q=0.8',
  'accept-language' => 'zh-CN,zh;q=0.8,en-US;q=0.5,en;q=0.3',
  'accept-encoding' => 'gzip, deflate',
  'cookie' => 'pgv_pvi=8996710400',
  'connection' => 'keep-alive',
  'upgrade-insecure-requests' => '1',
)
[ info ] [ PARAM ] array (
)
[ info ] [ SESSION ] INIT array (
  'id' => '',
  'var_session_id' => '',
  'prefix' => 'think',
  'type' => '',
  'auto_start' => true,
)
[ info ] [ LOG ] INIT File

---------------------------------------------------------------
[ 2017-05-16T08:26:43+08:00 ] 127.0.0.1 127.0.0.1 GET /index/login/index.html
[ log ] www.tp5.com/index/login/index.html [运行时间：0.074836s][吞吐率：13.36req/s] [内存消耗：1,808.82kb] [文件加载：51]
[ info ] [ LANG ] D:\xampp\htdocs\tp5\thinkphp\lang\zh-cn.php
[ info ] [ ROUTE ] array (
  'type' => 'module',
  'module' => 
  array (
    0 => 'index',
    1 => 'login',
    2 => 'index',
  ),
)
[ info ] [ HEADER ] array (
  'host' => 'www.tp5.com',
  'user-agent' => 'Mozilla/5.0 (Windows NT 10.0; WOW64; rv:53.0) Gecko/20100101 Firefox/53.0',
  'accept' => 'text/html,application/xhtml+xml,application/xml;q=0.9,*/*;q=0.8',
  'accept-language' => 'zh-CN,zh;q=0.8,en-US;q=0.5,en;q=0.3',
  'accept-encoding' => 'gzip, deflate',
  'cookie' => 'pgv_pvi=8996710400; PHPSESSID=8un8lcu1sv9umkatv2d5sa3uo0',
  'connection' => 'keep-alive',
  'upgrade-insecure-requests' => '1',
)
[ info ] [ PARAM ] array (
)
[ info ] [ RUN ] app\index\controller\LoginController->index[ D:\xampp\htdocs\tp5\application\index\controller\LoginController.php ]
[ info ] [ VIEW ] D:\xampp\htdocs\tp5\public/../application/index\view\login\index.html [ array (
) ]
[ info ] [ LOG ] INIT File

---------------------------------------------------------------
[ 2017-05-16T08:37:06+08:00 ] 127.0.0.1 127.0.0.1 POST /index/login/login.html
[ log ] www.tp5.com/index/login/login.html [运行时间：0.192393s][吞吐率：5.20req/s] [内存消耗：2,758.09kb] [文件加载：60]
[ info ] [ LANG ] D:\xampp\htdocs\tp5\thinkphp\lang\zh-cn.php
[ info ] [ ROUTE ] array (
  'type' => 'module',
  'module' => 
  array (
    0 => 'index',
    1 => 'login',
    2 => 'login',
  ),
)
[ info ] [ HEADER ] array (
  'host' => 'www.tp5.com',
  'user-agent' => 'Mozilla/5.0 (Windows NT 10.0; WOW64; rv:53.0) Gecko/20100101 Firefox/53.0',
  'accept' => 'text/html,application/xhtml+xml,application/xml;q=0.9,*/*;q=0.8',
  'accept-language' => 'zh-CN,zh;q=0.8,en-US;q=0.5,en;q=0.3',
  'accept-encoding' => 'gzip, deflate',
  'content-type' => 'application/x-www-form-urlencoded',
  'content-length' => '32',
  'referer' => 'http://www.tp5.com/index/login/index.html',
  'cookie' => 'thinkphp_show_page_trace=0|0; pgv_pvi=8996710400; PHPSESSID=8un8lcu1sv9umkatv2d5sa3uo0',
  'connection' => 'keep-alive',
  'upgrade-insecure-requests' => '1',
)
[ info ] [ PARAM ] array (
  'username' => 'qweqwe1',
  'password' => '123456',
)
[ info ] [ RUN ] app\index\controller\LoginController->login[ D:\xampp\htdocs\tp5\application\index\controller\LoginController.php ]
[ info ] [ DB ] INIT mysql
[ info ] [ SESSION ] INIT array (
  'id' => '',
  'var_session_id' => '',
  'prefix' => 'think',
  'type' => '',
  'auto_start' => true,
)
[ info ] [ VIEW ] D:\xampp\htdocs\tp5\thinkphp\tpl\dispatch_jump.tpl [ array (
  0 => 'code',
  1 => 'msg',
  2 => 'data',
  3 => 'url',
  4 => 'wait',
) ]
[ info ] [ LOG ] INIT File
[ sql ] [ DB ] CONNECT:[ UseTime:0.016088s ] mysql:dbname=tptest;host=127.0.0.1;port=3306;charset=utf8
[ sql ] [ SQL ] SHOW COLUMNS FROM `yunzhi_teacher` [ RunTime:0.077409s ]
[ sql ] [ SQL ] SELECT `password`,`id` FROM `yunzhi_teacher` WHERE  `username` = 'qweqwe1' LIMIT 1 [ RunTime:0.000988s ]

---------------------------------------------------------------
[ 2017-05-16T08:37:09+08:00 ] 127.0.0.1 127.0.0.1 GET /index/index/index.html
[ log ] www.tp5.com/index/index/index.html [运行时间：0.156502s][吞吐率：6.39req/s] [内存消耗：2,859.94kb] [文件加载：61]
[ info ] [ LANG ] D:\xampp\htdocs\tp5\thinkphp\lang\zh-cn.php
[ info ] [ ROUTE ] array (
  'type' => 'module',
  'module' => 
  array (
    0 => 'index',
    1 => 'index',
    2 => 'index',
  ),
)
[ info ] [ HEADER ] array (
  'host' => 'www.tp5.com',
  'user-agent' => 'Mozilla/5.0 (Windows NT 10.0; WOW64; rv:53.0) Gecko/20100101 Firefox/53.0',
  'accept' => 'text/html,application/xhtml+xml,application/xml;q=0.9,*/*;q=0.8',
  'accept-language' => 'zh-CN,zh;q=0.8,en-US;q=0.5,en;q=0.3',
  'accept-encoding' => 'gzip, deflate',
  'referer' => 'http://www.tp5.com/index/login/login.html',
  'cookie' => 'pgv_pvi=8996710400; PHPSESSID=8un8lcu1sv9umkatv2d5sa3uo0',
  'connection' => 'keep-alive',
  'upgrade-insecure-requests' => '1',
)
[ info ] [ PARAM ] array (
)
[ info ] [ SESSION ] INIT array (
  'id' => '',
  'var_session_id' => '',
  'prefix' => 'think',
  'type' => '',
  'auto_start' => true,
)
[ info ] [ RUN ] app\index\controller\IndexController->index[ D:\xampp\htdocs\tp5\application\index\controller\IndexController.php ]
[ info ] [ DB ] INIT mysql
[ info ] [ VIEW ] D:\xampp\htdocs\tp5\public/../application/index\view\index\index.html [ array (
  0 => 'page',
  1 => 'teachers',
) ]
[ info ] [ LOG ] INIT File
[ sql ] [ DB ] CONNECT:[ UseTime:0.000923s ] mysql:dbname=tptest;host=127.0.0.1;port=3306;charset=utf8
[ sql ] [ SQL ] SHOW COLUMNS FROM `yunzhi_teacher` [ RunTime:0.004349s ]
[ sql ] [ SQL ] SELECT COUNT(*) AS tp_count FROM `yunzhi_teacher` LIMIT 1 [ RunTime:0.000640s ]
[ sql ] [ SQL ] SELECT * FROM `yunzhi_teacher` LIMIT 0,2 [ RunTime:0.000422s ]

---------------------------------------------------------------
